eCommerce/app/build/intermediates/manifest_merge_blame_file/debug/manifest-merger-blame-debug-report.txt
1<?xml version="1.0" encoding="utf-8"?>
2<manifest xmlns:android="http://schemas.android.com/apk/res/android"
3    package="com.matty.ecommerce"
4    android:versionCode="1"
5    android:versionName="1.0" >
6
7    <uses-sdk
8        android:minSdkVersion="23"
8-->src\main\AndroidManifest.xml
9        android:targetSdkVersion="29" />
9-->src\main\AndroidManifest.xml
10
11    <!-- Required permission for App measurement to run. -->
12    <uses-permission android:name="android.permission.INTERNET" />
12-->[com.google.android.gms:play-services-measurement:17.2.2] AndroidManifest.xml:23:5-67
12-->[com.google.android.gms:play-services-measurement:17.2.2] AndroidManifest.xml:23:22-64
13    <uses-permission android:name="android.permission.ACCESS_NETWORK_STATE" />
13-->[com.google.android.gms:play-services-measurement:17.2.2] AndroidManifest.xml:24:5-79
13-->[com.google.android.gms:play-services-measurement:17.2.2] AndroidManifest.xml:24:22-76
14    <uses-permission android:name="android.permission.WAKE_LOCK" />
14-->[com.google.android.gms:play-services-measurement:17.2.2] AndroidManifest.xml:25:5-68
14-->[com.google.android.gms:play-services-measurement:17.2.2] AndroidManifest.xml:25:22-65
15    <uses-permission android:name="com.google.android.finsky.permission.BIND_GET_INSTALL_REFERRER_SERVICE" /> <!-- Required by older versions of Google Play services to create IID tokens -->
15-->[com.google.android.gms:play-services-measurement:17.2.2] AndroidManifest.xml:26:5-110
15-->[com.google.android.gms:play-services-measurement:17.2.2] AndroidManifest.xml:26:22-107
16    <uses-permission android:name="com.google.android.c2dm.permission.RECEIVE" />
16-->[com.google.firebase:firebase-iid:20.0.2] AndroidManifest.xml:26:5-82
16-->[com.google.firebase:firebase-iid:20.0.2] AndroidManifest.xml:26:22-79
17
18    <application
18-->src\main\AndroidManifest.xml:5:5-19:19
19        android:allowBackup="true"
19-->src\main\AndroidManifest.xml:6:9-35
20        android:appComponentFactory="androidx.core.app.CoreComponentFactory"
20-->[androidx.core:core:1.0.1] AndroidManifest.xml:22:18-86
21        android:debuggable="true"
22        android:icon="@mipmap/ic_launcher"
22-->src\main\AndroidManifest.xml:7:9-43
23        android:label="@string/app_name"
23-->src\main\AndroidManifest.xml:8:9-41
24        android:roundIcon="@mipmap/ic_launcher_round"
24-->src\main\AndroidManifest.xml:9:9-54
25        android:supportsRtl="true"
25-->src\main\AndroidManifest.xml:10:9-35
26        android:theme="@style/AppTheme" >
26-->src\main\AndroidManifest.xml:11:9-40
27        <activity android:name="com.matty.ecommerce.MainActivity" >
27-->src\main\AndroidManifest.xml:12:9-18:20
27-->src\main\AndroidManifest.xml:12:19-47
28            <intent-filter>
28-->src\main\AndroidManifest.xml:13:13-17:29
29                <action android:name="android.intent.action.MAIN" />
29-->src\main\AndroidManifest.xml:14:17-69
29-->src\main\AndroidManifest.xml:14:25-66
30
31                <category android:name="android.intent.category.LAUNCHER" />
31-->src\main\AndroidManifest.xml:16:17-77
31-->src\main\AndroidManifest.xml:16:27-74
32            </intent-filter>
33        </activity>
34
35        <receiver
35-->[com.google.android.gms:play-services-measurement:17.2.2] AndroidManifest.xml:29:9-33:20
36            android:name="com.google.android.gms.measurement.AppMeasurementReceiver"
36-->[com.google.android.gms:play-services-measurement:17.2.2] AndroidManifest.xml:30:13-85
37            android:enabled="true"
37-->[com.google.android.gms:play-services-measurement:17.2.2] AndroidManifest.xml:31:13-35
38            android:exported="false" >
38-->[com.google.android.gms:play-services-measurement:17.2.2] AndroidManifest.xml:32:13-37
39        </receiver>
40        <receiver
40-->[com.google.android.gms:play-services-measurement:17.2.2] AndroidManifest.xml:34:9-42:20
41            android:name="com.google.android.gms.measurement.AppMeasurementInstallReferrerReceiver"
41-->[com.google.android.gms:play-services-measurement:17.2.2] AndroidManifest.xml:35:13-100
42            android:enabled="true"
42-->[com.google.android.gms:play-services-measurement:17.2.2] AndroidManifest.xml:36:13-35
43            android:exported="true"
43-->[com.google.android.gms:play-services-measurement:17.2.2] AndroidManifest.xml:37:13-36
44            android:permission="android.permission.INSTALL_PACKAGES" >
44-->[com.google.android.gms:play-services-measurement:17.2.2] AndroidManifest.xml:38:13-69
45            <intent-filter>
45-->[com.google.android.gms:play-services-measurement:17.2.2] AndroidManifest.xml:39:13-41:29
46                <action android:name="com.android.vending.INSTALL_REFERRER" />
46-->[com.google.android.gms:play-services-measurement:17.2.2] AndroidManifest.xml:40:17-79
46-->[com.google.android.gms:play-services-measurement:17.2.2] AndroidManifest.xml:40:25-76
47            </intent-filter>
48        </receiver>
49
50        <service
50-->[com.google.android.gms:play-services-measurement:17.2.2] AndroidManifest.xml:44:9-47:40
51            android:name="com.google.android.gms.measurement.AppMeasurementService"
51-->[com.google.android.gms:play-services-measurement:17.2.2] AndroidManifest.xml:45:13-84
52            android:enabled="true"
52-->[com.google.android.gms:play-services-measurement:17.2.2] AndroidManifest.xml:46:13-35
53            android:exported="false" />
53-->[com.google.android.gms:play-services-measurement:17.2.2] AndroidManifest.xml:47:13-37
54        <service
54-->[com.google.android.gms:play-services-measurement:17.2.2] AndroidManifest.xml:48:9-52:72
55            android:name="com.google.android.gms.measurement.AppMeasurementJobService"
55-->[com.google.android.gms:play-services-measurement:17.2.2] AndroidManifest.xml:49:13-87
56            android:enabled="true"
56-->[com.google.android.gms:play-services-measurement:17.2.2] AndroidManifest.xml:50:13-35
57            android:exported="false"
57-->[com.google.android.gms:play-services-measurement:17.2.2] AndroidManifest.xml:51:13-37
58            android:permission="android.permission.BIND_JOB_SERVICE" />
58-->[com.google.android.gms:play-services-measurement:17.2.2] AndroidManifest.xml:52:13-69
59        <service
59-->[com.google.android.gms:play-services-measurement-api:17.2.2] AndroidManifest.xml:27:9-33:19
60            android:name="com.google.firebase.components.ComponentDiscoveryService"
60-->[com.google.android.gms:play-services-measurement-api:17.2.2] AndroidManifest.xml:28:13-84
61            android:directBootAware="true"
61-->[com.google.firebase:firebase-common:19.3.0] AndroidManifest.xml:34:13-43
62            android:exported="false" >
62-->[com.google.android.gms:play-services-measurement-api:17.2.2] AndroidManifest.xml:29:13-37
63            <meta-data
63-->[com.google.android.gms:play-services-measurement-api:17.2.2] AndroidManifest.xml:30:13-32:85
64                android:name="com.google.firebase.components:com.google.firebase.analytics.connector.internal.AnalyticsConnectorRegistrar"
64-->[com.google.android.gms:play-services-measurement-api:17.2.2] AndroidManifest.xml:31:17-139
65                android:value="com.google.firebase.components.ComponentRegistrar" />
65-->[com.google.android.gms:play-services-measurement-api:17.2.2] AndroidManifest.xml:32:17-82
66            <meta-data
66-->[com.google.firebase:firebase-iid:20.0.2] AndroidManifest.xml:32:13-34:85
67                android:name="com.google.firebase.components:com.google.firebase.iid.Registrar"
67-->[com.google.firebase:firebase-iid:20.0.2] AndroidManifest.xml:33:17-96
68                android:value="com.google.firebase.components.ComponentRegistrar" />
68-->[com.google.firebase:firebase-iid:20.0.2] AndroidManifest.xml:34:17-82
69        </service>
70
71        <receiver
71-->[com.google.firebase:firebase-iid:20.0.2] AndroidManifest.xml:37:9-44:20
72            android:name="com.google.firebase.iid.FirebaseInstanceIdReceiver"
72-->[com.google.firebase:firebase-iid:20.0.2] AndroidManifest.xml:38:13-78
73            android:exported="true"
73-->[com.google.firebase:firebase-iid:20.0.2] AndroidManifest.xml:39:13-36
74            android:permission="com.google.android.c2dm.permission.SEND" >
74-->[com.google.firebase:firebase-iid:20.0.2] AndroidManifest.xml:40:13-73
75            <intent-filter>
75-->[com.google.firebase:firebase-iid:20.0.2] AndroidManifest.xml:41:13-43:29
76                <action android:name="com.google.android.c2dm.intent.RECEIVE" />
76-->[com.google.firebase:firebase-iid:20.0.2] AndroidManifest.xml:42:17-81
76-->[com.google.firebase:firebase-iid:20.0.2] AndroidManifest.xml:42:25-78
77            </intent-filter>
78        </receiver>
79
80        <provider
80-->[com.google.firebase:firebase-common:19.3.0] AndroidManifest.xml:26:9-30:39
81            android:name="com.google.firebase.provider.FirebaseInitProvider"
81-->[com.google.firebase:firebase-common:19.3.0] AndroidManifest.xml:27:13-77
82            android:authorities="com.matty.ecommerce.firebaseinitprovider"
82-->[com.google.firebase:firebase-common:19.3.0] AndroidManifest.xml:28:13-72
83            android:exported="false"
83-->[com.google.firebase:firebase-common:19.3.0] AndroidManifest.xml:29:13-37
84            android:initOrder="100" />
84-->[com.google.firebase:firebase-common:19.3.0] AndroidManifest.xml:30:13-36
85
86        <activity
86-->[com.google.android.gms:play-services-base:17.0.0] AndroidManifest.xml:23:9-26:75
87            android:name="com.google.android.gms.common.api.GoogleApiActivity"
87-->[com.google.android.gms:play-services-base:17.0.0] AndroidManifest.xml:24:13-79
88            android:exported="false"
88-->[com.google.android.gms:play-services-base:17.0.0] AndroidManifest.xml:25:13-37
89            android:theme="@android:style/Theme.Translucent.NoTitleBar" />
89-->[com.google.android.gms:play-services-base:17.0.0] AndroidManifest.xml:26:13-72
90
91        <meta-data
91-->[com.google.android.gms:play-services-basement:17.0.0] AndroidManifest.xml:23:9-25:69
92            android:name="com.google.android.gms.version"
92-->[com.google.android.gms:play-services-basement:17.0.0] AndroidManifest.xml:24:13-58
93            android:value="@integer/google_play_services_version" />
93-->[com.google.android.gms:play-services-basement:17.0.0] AndroidManifest.xml:25:13-66
94    </application>
95
96</manifest>